<?xml version="1.0" encoding="UTF-8"?>
<!-- Generated by org.testng.reporters.JUnitXMLReporter -->
<testsuite ignored="0" hostname="DESKTOP-3JRUFPN" failures="0" tests="3" name="TestBlock2" time="10.285" errors="0" timestamp="2025-02-26T11:01:24 IST">
  <testcase classname="com.actitime.testscript.CustomerModule" name="createCustomer" time="0.022"/>
  <testcase classname="com.actitime.testscript.CustomerModule" name="deleteCustomer" time="0.011"/>
  <testcase classname="com.actitime.testscript.CustomerModule" name="modifyCustomer" time="0.01"/>
</testsuite> <!-- TestBlock2 -->
