<?xml version="1.0" encoding="UTF-8"?>
<!-- Generated by org.testng.reporters.JUnitXMLReporter -->
<testsuite ignored="0" hostname="DESKTOP-3JRUFPN" failures="0" tests="3" name="TestBlock1" time="11.006" errors="0" timestamp="2025-02-26T11:01:25 IST">
  <testcase classname="com.actitime.testscript.ProjectModule" name="createProject" time="0.003"/>
  <testcase classname="com.actitime.testscript.ProjectModule" name="deleteProject" time="0.003"/>
  <testcase classname="com.actitime.testscript.ProjectModule" name="modifyProject" time="0.005"/>
</testsuite> <!-- TestBlock1 -->
