<?xml version="1.0" encoding="UTF-8"?>
<!-- Generated by org.testng.reporters.JUnitXMLReporter -->
<testsuite ignored="0" hostname="DESKTOP-3JRUFPN" failures="0" tests="7" name="Default test" time="17.235" errors="0" timestamp="2025-02-28T11:17:17 IST">
  <testcase classname="jsp.LearnDataProvider" name="demoA" time="3.371"/>
  <testcase classname="jsp.LearnDataProvider" name="demoA" time="2.209"/>
  <testcase classname="jsp.LearnDataProvider" name="demoA" time="2.376"/>
  <testcase classname="jsp.LearnDataProvider" name="demoA" time="2.212"/>
  <testcase classname="jsp.LearnDataProvider" name="demoA" time="2.453"/>
  <testcase classname="jsp.LearnDataProvider" name="demoA" time="2.345"/>
  <testcase classname="jsp.LearnDataProvider" name="demoA" time="2.218"/>
</testsuite> <!-- Default test -->
